INFO - 2022-05-21 17:43:07 --> Config Class Initialized
INFO - 2022-05-21 17:43:07 --> Hooks Class Initialized
DEBUG - 2022-05-21 17:43:07 --> UTF-8 Support Enabled
INFO - 2022-05-21 17:43:07 --> Utf8 Class Initialized
INFO - 2022-05-21 17:43:07 --> URI Class Initialized
DEBUG - 2022-05-21 17:43:07 --> No URI present. Default controller set.
INFO - 2022-05-21 17:43:07 --> Router Class Initialized
INFO - 2022-05-21 17:43:07 --> Output Class Initialized
INFO - 2022-05-21 17:43:07 --> Security Class Initialized
DEBUG - 2022-05-21 17:43:07 --> Global POST, GET and COOKIE data sanitized
INFO - 2022-05-21 17:43:07 --> Input Class Initialized
INFO - 2022-05-21 17:43:07 --> Language Class Initialized
INFO - 2022-05-21 17:43:07 --> Loader Class Initialized
INFO - 2022-05-21 17:43:07 --> Database Driver Class Initialized
ERROR - 2022-05-21 17:43:07 --> Severity: error --> Exception: Access denied for user 'root'@'localhost' (using password: YES) D:\xampp\htdocs\freya-trucks\system\database\drivers\mysqli\mysqli_driver.php 202
INFO - 2022-05-21 17:43:16 --> Config Class Initialized
INFO - 2022-05-21 17:43:16 --> Hooks Class Initialized
DEBUG - 2022-05-21 17:43:16 --> UTF-8 Support Enabled
INFO - 2022-05-21 17:43:16 --> Utf8 Class Initialized
INFO - 2022-05-21 17:43:16 --> URI Class Initialized
DEBUG - 2022-05-21 17:43:16 --> No URI present. Default controller set.
INFO - 2022-05-21 17:43:16 --> Router Class Initialized
INFO - 2022-05-21 17:43:16 --> Output Class Initialized
INFO - 2022-05-21 17:43:16 --> Security Class Initialized
DEBUG - 2022-05-21 17:43:16 --> Global POST, GET and COOKIE data sanitized
INFO - 2022-05-21 17:43:16 --> Input Class Initialized
INFO - 2022-05-21 17:43:16 --> Language Class Initialized
INFO - 2022-05-21 17:43:16 --> Loader Class Initialized
INFO - 2022-05-21 17:43:16 --> Database Driver Class Initialized
ERROR - 2022-05-21 17:43:16 --> Severity: error --> Exception: Access denied for user 'root'@'localhost' (using password: YES) D:\xampp\htdocs\freya-trucks\system\database\drivers\mysqli\mysqli_driver.php 202
INFO - 2022-05-21 17:43:17 --> Config Class Initialized
INFO - 2022-05-21 17:43:17 --> Hooks Class Initialized
DEBUG - 2022-05-21 17:43:17 --> UTF-8 Support Enabled
INFO - 2022-05-21 17:43:17 --> Utf8 Class Initialized
INFO - 2022-05-21 17:43:17 --> URI Class Initialized
DEBUG - 2022-05-21 17:43:17 --> No URI present. Default controller set.
INFO - 2022-05-21 17:43:17 --> Router Class Initialized
INFO - 2022-05-21 17:43:17 --> Output Class Initialized
INFO - 2022-05-21 17:43:17 --> Security Class Initialized
DEBUG - 2022-05-21 17:43:17 --> Global POST, GET and COOKIE data sanitized
INFO - 2022-05-21 17:43:17 --> Input Class Initialized
INFO - 2022-05-21 17:43:17 --> Language Class Initialized
INFO - 2022-05-21 17:43:17 --> Loader Class Initialized
INFO - 2022-05-21 17:43:17 --> Database Driver Class Initialized
ERROR - 2022-05-21 17:43:17 --> Severity: error --> Exception: Access denied for user 'root'@'localhost' (using password: YES) D:\xampp\htdocs\freya-trucks\system\database\drivers\mysqli\mysqli_driver.php 202
